[1/37] cl /c /Zc:__cplusplus /Zp8 /GR /W3 /EHs /nologo /MD /D_CRT_SECURE_NO_DEPRECATE /D_SCL_SECURE_NO_DEPRECATE /D_SECURE_SCL=0   /DMATLAB_MEX_FILE  /DMATLAB_MEX_FILE /O2 /Oy- /DNDEBUG /fp:strict /utf-8 /I "." /I "E:\æ–‡æ¡£\GitHub\OC4-DeepCwind1" /I ".\interface" /I "D:\Program Files\MATLAB\R2025b\extern\include" /I "." -DMODEL=NominalSystemMatrix_mex /openmp /wd4101  NominalSystemMatrix_data.c /Fobuild\win64\NominalSystemMatrix_data.obj
NominalSystemMatrix_data.c
[2/37] cl /c /Zc:__cplusplus /Zp8 /GR /W3 /EHs /nologo /MD /D_CRT_SECURE_NO_DEPRECATE /D_SCL_SECURE_NO_DEPRECATE /D_SECURE_SCL=0   /DMATLAB_MEX_FILE  /DMATLAB_MEX_FILE /O2 /Oy- /DNDEBUG /fp:strict /utf-8 /I "." /I "E:\æ–‡æ¡£\GitHub\OC4-DeepCwind1" /I ".\interface" /I "D:\Program Files\MATLAB\R2025b\extern\include" /I "." -DMODEL=NominalSystemMatrix_mex /openmp /wd4101  rt_nonfinite.c /Fobuild\win64\rt_nonfinite.obj
rt_nonfinite.c
[3/37] cl /c /Zc:__cplusplus /Zp8 /GR /W3 /EHs /nologo /MD /D_CRT_SECURE_NO_DEPRECATE /D_SCL_SECURE_NO_DEPRECATE /D_SECURE_SCL=0   /DMATLAB_MEX_FILE  /DMATLAB_MEX_FILE /O2 /Oy- /DNDEBUG /fp:strict /utf-8 /I "." /I "E:\æ–‡æ¡£\GitHub\OC4-DeepCwind1" /I ".\interface" /I "D:\Program Files\MATLAB\R2025b\extern\include" /I "." -DMODEL=NominalSystemMatrix_mex /openmp /wd4101  error.c /Fobuild\win64\error.obj
error.c
[4/37] cl /c /Zc:__cplusplus /Zp8 /GR /W3 /EHs /nologo /MD /D_CRT_SECURE_NO_DEPRECATE /D_SCL_SECURE_NO_DEPRECATE /D_SECURE_SCL=0   /DMATLAB_MEX_FILE  /DMATLAB_MEX_FILE /O2 /Oy- /DNDEBUG /fp:strict /utf-8 /I "." /I "E:\æ–‡æ¡£\GitHub\OC4-DeepCwind1" /I ".\interface" /I "D:\Program Files\MATLAB\R2025b\extern\include" /I "." -DMODEL=NominalSystemMatrix_mex /openmp /wd4101  Transform2.c /Fobuild\win64\Transform2.obj
Transform2.c
[5/37] cl /c /Zc:__cplusplus /Zp8 /GR /W3 /EHs /nologo /MD /D_CRT_SECURE_NO_DEPRECATE /D_SCL_SECURE_NO_DEPRECATE /D_SECURE_SCL=0   /DMATLAB_MEX_FILE  /DMATLAB_MEX_FILE /O2 /Oy- /DNDEBUG /fp:strict /utf-8 /I "." /I "E:\æ–‡æ¡£\GitHub\OC4-DeepCwind1" /I ".\interface" /I "D:\Program Files\MATLAB\R2025b\extern\include" /I "." -DMODEL=NominalSystemMatrix_mex /openmp /wd4101  FASTTransMat.c /Fobuild\win64\FASTTransMat.obj
FASTTransMat.c
[6/37] cl /c /Zc:__cplusplus /Zp8 /GR /W3 /EHs /nologo /MD /D_CRT_SECURE_NO_DEPRECATE /D_SCL_SECURE_NO_DEPRECATE /D_SECURE_SCL=0   /DMATLAB_MEX_FILE  /DMATLAB_MEX_FILE /O2 /Oy- /DNDEBUG /fp:strict /utf-8 /I "." /I "E:\æ–‡æ¡£\GitHub\OC4-DeepCwind1" /I ".\interface" /I "D:\Program Files\MATLAB\R2025b\extern\include" /I "." -DMODEL=NominalSystemMatrix_mex /openmp /wd4101  Transform3.c /Fobuild\win64\Transform3.obj
Transform3.c
[7/37] cl /c /Zc:__cplusplus /Zp8 /GR /W3 /EHs /nologo /MD /D_CRT_SECURE_NO_DEPRECATE /D_SCL_SECURE_NO_DEPRECATE /D_SECURE_SCL=0   /DMATLAB_MEX_FILE  /DMATLAB_MEX_FILE /O2 /Oy- /DNDEBUG /fp:strict /utf-8 /I "." /I "E:\æ–‡æ¡£\GitHub\OC4-DeepCwind1" /I ".\interface" /I "D:\Program Files\MATLAB\R2025b\extern\include" /I "." -DMODEL=NominalSystemMatrix_mex /openmp /wd4101  LiftDragCoeffInterp.c /Fobuild\win64\LiftDragCoeffInterp.obj
LiftDragCoeffInterp.c
[8/37] cl /c /Zc:__cplusplus /Zp8 /GR /W3 /EHs /nologo /MD /D_CRT_SECURE_NO_DEPRECATE /D_SCL_SECURE_NO_DEPRECATE /D_SECURE_SCL=0   /DMATLAB_MEX_FILE  /DMATLAB_MEX_FILE /O2 /Oy- /DNDEBUG /fp:strict /utf-8 /I "." /I "E:\æ–‡æ¡£\GitHub\OC4-DeepCwind1" /I ".\interface" /I "D:\Program Files\MATLAB\R2025b\extern\include" /I "." -DMODEL=NominalSystemMatrix_mex /openmp /wd4101  fzero.c /Fobuild\win64\fzero.obj
fzero.c
[9/37] cl /c /Zc:__cplusplus /Zp8 /GR /W3 /EHs /nologo /MD /D_CRT_SECURE_NO_DEPRECATE /D_SCL_SECURE_NO_DEPRECATE /D_SECURE_SCL=0   /DMATLAB_MEX_FILE  /DMATLAB_MEX_FILE /O2 /Oy- /DNDEBUG /fp:strict /utf-8 /I "." /I "E:\æ–‡æ¡£\GitHub\OC4-DeepCwind1" /I ".\interface" /I "D:\Program Files\MATLAB\R2025b\extern\include" /I "." -DMODEL=NominalSystemMatrix_mex /openmp /wd4101  reshapeSizeChecks.c /Fobuild\win64\reshapeSizeChecks.obj
reshapeSizeChecks.c
[10/37] cl /c /Zc:__cplusplus /Zp8 /GR /W3 /EHs /nologo /MD /D_CRT_SECURE_NO_DEPRECATE /D_SCL_SECURE_NO_DEPRECATE /D_SECURE_SCL=0   /DMATLAB_MEX_FILE  /DMATLAB_MEX_FILE /O2 /Oy- /DNDEBUG /fp:strict /utf-8 /I "." /I "E:\æ–‡æ¡£\GitHub\OC4-DeepCwind1" /I ".\interface" /I "D:\Program Files\MATLAB\R2025b\extern\include" /I "." -DMODEL=NominalSystemMatrix_mex /openmp /wd4101  trapz.c /Fobuild\win64\trapz.obj
trapz.c
[11/37] cl /c /Zc:__cplusplus /Zp8 /GR /W3 /EHs /nologo /MD /D_CRT_SECURE_NO_DEPRECATE /D_SCL_SECURE_NO_DEPRECATE /D_SECURE_SCL=0   /DMATLAB_MEX_FILE  /DMATLAB_MEX_FILE /O2 /Oy- /DNDEBUG /fp:strict /utf-8 /I "." /I "E:\æ–‡æ¡£\GitHub\OC4-DeepCwind1" /I ".\interface" /I "D:\Program Files\MATLAB\R2025b\extern\include" /I "." -DMODEL=NominalSystemMatrix_mex /openmp /wd4101  interpn.c /Fobuild\win64\interpn.obj
interpn.c
[12/37] cl /c /Zc:__cplusplus /Zp8 /GR /W3 /EHs /nologo /MD /D_CRT_SECURE_NO_DEPRECATE /D_SCL_SECURE_NO_DEPRECATE /D_SECURE_SCL=0   /DMATLAB_MEX_FILE  /DMATLAB_MEX_FILE /O2 /Oy- /DNDEBUG /fp:strict /utf-8 /I "." /I "E:\æ–‡æ¡£\GitHub\OC4-DeepCwind1" /I ".\interface" /I "D:\Program Files\MATLAB\R2025b\extern\include" /I "." -DMODEL=NominalSystemMatrix_mex /openmp /wd4101  NominalSystemMatrix_initialize.c /Fobuild\win64\NominalSystemMatrix_initialize.obj
NominalSystemMatrix_initialize.c
[13/37] cl /c /Zc:__cplusplus /Zp8 /GR /W3 /EHs /nologo /MD /D_CRT_SECURE_NO_DEPRECATE /D_SCL_SECURE_NO_DEPRECATE /D_SECURE_SCL=0   /DMATLAB_MEX_FILE  /DMATLAB_MEX_FILE /O2 /Oy- /DNDEBUG /fp:strict /utf-8 /I "." /I "E:\æ–‡æ¡£\GitHub\OC4-DeepCwind1" /I ".\interface" /I "D:\Program Files\MATLAB\R2025b\extern\include" /I "." -DMODEL=NominalSystemMatrix_mex /openmp /wd4101  Transform1.c /Fobuild\win64\Transform1.obj
Transform1.c
[14/37] cl /c /Zc:__cplusplus /Zp8 /GR /W3 /EHs /nologo /MD /D_CRT_SECURE_NO_DEPRECATE /D_SCL_SECURE_NO_DEPRECATE /D_SECURE_SCL=0   /DMATLAB_MEX_FILE  /DMATLAB_MEX_FILE /O2 /Oy- /DNDEBUG /fp:strict /utf-8 /I "." /I "E:\æ–‡æ¡£\GitHub\OC4-DeepCwind1" /I ".\interface" /I "D:\Program Files\MATLAB\R2025b\extern\include" /I "." -DMODEL=NominalSystemMatrix_mex /openmp /wd4101  interp1.c /Fobuild\win64\interp1.obj
interp1.c
[15/37] cl /c /Zc:__cplusplus /Zp8 /GR /W3 /EHs /nologo /MD /D_CRT_SECURE_NO_DEPRECATE /D_SCL_SECURE_NO_DEPRECATE /D_SECURE_SCL=0   /DMATLAB_MEX_FILE  /DMATLAB_MEX_FILE /O2 /Oy- /DNDEBUG /fp:strict /utf-8 /I "." /I "E:\æ–‡æ¡£\GitHub\OC4-DeepCwind1" /I ".\interface" /I "D:\Program Files\MATLAB\R2025b\extern\include" /I "." -DMODEL=NominalSystemMatrix_mex /openmp /wd4101  NominalSystemMatrix_terminate.c /Fobuild\win64\NominalSystemMatrix_terminate.obj
NominalSystemMatrix_terminate.c
[16/37] cl /c /Zc:__cplusplus /Zp8 /GR /W3 /EHs /nologo /MD /D_CRT_SECURE_NO_DEPRECATE /D_SCL_SECURE_NO_DEPRECATE /D_SECURE_SCL=0   /DMATLAB_MEX_FILE  /DMATLAB_MEX_FILE /O2 /Oy- /DNDEBUG /fp:strict /utf-8 /I "." /I "E:\æ–‡æ¡£\GitHub\OC4-DeepCwind1" /I ".\interface" /I "D:\Program Files\MATLAB\R2025b\extern\include" /I "." -DMODEL=NominalSystemMatrix_mex /openmp /wd4101  dot.c /Fobuild\win64\dot.obj
dot.c
[17/37] cl /c /Zc:__cplusplus /Zp8 /GR /W3 /EHs /nologo /MD /D_CRT_SECURE_NO_DEPRECATE /D_SCL_SECURE_NO_DEPRECATE /D_SECURE_SCL=0   /DMATLAB_MEX_FILE  /DMATLAB_MEX_FILE /O2 /Oy- /DNDEBUG /fp:strict /utf-8 /I "." /I "E:\æ–‡æ¡£\GitHub\OC4-DeepCwind1" /I ".\interface" /I "D:\Program Files\MATLAB\R2025b\extern\include" /I "." -DMODEL=NominalSystemMatrix_mex /openmp /wd4101  repmat.c /Fobuild\win64\repmat.obj
repmat.c
[18/37] cl /c /Zc:__cplusplus /Zp8 /GR /W3 /EHs /nologo /MD /D_CRT_SECURE_NO_DEPRECATE /D_SCL_SECURE_NO_DEPRECATE /D_SECURE_SCL=0   /DMATLAB_MEX_FILE  /DMATLAB_MEX_FILE /O2 /Oy- /DNDEBUG /fp:strict /utf-8 /I "." /I "E:\æ–‡æ¡£\GitHub\OC4-DeepCwind1" /I ".\interface" /I "D:\Program Files\MATLAB\R2025b\extern\include" /I "." -DMODEL=NominalSystemMatrix_mex /openmp /wd4101  cross.c /Fobuild\win64\cross.obj
cross.c
[19/37] cl /c /Zc:__cplusplus /Zp8 /GR /W3 /EHs /nologo /MD /D_CRT_SECURE_NO_DEPRECATE /D_SCL_SECURE_NO_DEPRECATE /D_SECURE_SCL=0   /DMATLAB_MEX_FILE  /DMATLAB_MEX_FILE /O2 /Oy- /DNDEBUG /fp:strict /utf-8 /I "." /I "E:\æ–‡æ¡£\GitHub\OC4-DeepCwind1" /I ".\interface" /I "D:\Program Files\MATLAB\R2025b\extern\include" /I "." -DMODEL=NominalSystemMatrix_mex /openmp /wd4101  cat.c /Fobuild\win64\cat.obj
cat.c
[20/37] cl /c /Zc:__cplusplus /Zp8 /GR /W3 /EHs /nologo /MD /D_CRT_SECURE_NO_DEPRECATE /D_SCL_SECURE_NO_DEPRECATE /D_SECURE_SCL=0   /DMATLAB_MEX_FILE  /DMATLAB_MEX_FILE /O2 /Oy- /DNDEBUG /fp:strict /utf-8 /I "." /I "E:\æ–‡æ¡£\GitHub\OC4-DeepCwind1" /I ".\interface" /I "D:\Program Files\MATLAB\R2025b\extern\include" /I "." -DMODEL=NominalSystemMatrix_mex /openmp /wd4101  BEMTMex.c /Fobuild\win64\BEMTMex.obj
BEMTMex.c
[21/37] cl /c /Zc:__cplusplus /Zp8 /GR /W3 /EHs /nologo /MD /D_CRT_SECURE_NO_DEPRECATE /D_SCL_SECURE_NO_DEPRECATE /D_SECURE_SCL=0   /DMATLAB_MEX_FILE  /DMATLAB_MEX_FILE /O2 /Oy- /DNDEBUG /fp:strict /utf-8 /I "." /I "E:\æ–‡æ¡£\GitHub\OC4-DeepCwind1" /I ".\interface" /I "D:\Program Files\MATLAB\R2025b\extern\include" /I "." -DMODEL=NominalSystemMatrix_mex /openmp /wd4101  interface\_coder_NominalSystemMatrix_mex.c /Fobuild\win64\_coder_NominalSystemMatrix_mex.obj
_coder_NominalSystemMatrix_mex.c
[22/37] cl /c /Zc:__cplusplus /Zp8 /GR /W3 /EHs /nologo /MD /D_CRT_SECURE_NO_DEPRECATE /D_SCL_SECURE_NO_DEPRECATE /D_SECURE_SCL=0   /DMATLAB_MEX_FILE  /DMATLAB_MEX_FILE /O2 /Oy- /DNDEBUG /fp:strict /utf-8 /I "." /I "E:\æ–‡æ¡£\GitHub\OC4-DeepCwind1" /I ".\interface" /I "D:\Program Files\MATLAB\R2025b\extern\include" /I "." -DMODEL=NominalSystemMatrix_mex /openmp /wd4101  NominalSystemMatrix_mexutil.c /Fobuild\win64\NominalSystemMatrix_mexutil.obj
NominalSystemMatrix_mexutil.c
[23/37] cl /c /Zc:__cplusplus /Zp8 /GR /W3 /EHs /nologo /MD /D_CRT_SECURE_NO_DEPRECATE /D_SCL_SECURE_NO_DEPRECATE /D_SECURE_SCL=0   /DMATLAB_MEX_FILE  /DMATLAB_MEX_FILE /O2 /Oy- /DNDEBUG /fp:strict /utf-8 /I "." /I "E:\æ–‡æ¡£\GitHub\OC4-DeepCwind1" /I ".\interface" /I "D:\Program Files\MATLAB\R2025b\extern\include" /I "." -DMODEL=NominalSystemMatrix_mex /openmp /wd4101  sin.c /Fobuild\win64\sin.obj
sin.c
[24/37] cl /c /Zc:__cplusplus /Zp8 /GR /W3 /EHs /nologo /MD /D_CRT_SECURE_NO_DEPRECATE /D_SCL_SECURE_NO_DEPRECATE /D_SECURE_SCL=0   /DMATLAB_MEX_FILE  /DMATLAB_MEX_FILE /O2 /Oy- /DNDEBUG /fp:strict /utf-8 /I "." /I "E:\æ–‡æ¡£\GitHub\OC4-DeepCwind1" /I ".\interface" /I "D:\Program Files\MATLAB\R2025b\extern\include" /I "." -DMODEL=NominalSystemMatrix_mex /openmp /wd4101  coprod.c /Fobuild\win64\coprod.obj
coprod.c
[25/37] cl /c /Zc:__cplusplus /Zp8 /GR /W3 /EHs /nologo /MD /D_CRT_SECURE_NO_DEPRECATE /D_SCL_SECURE_NO_DEPRECATE /D_SECURE_SCL=0   /DMATLAB_MEX_FILE  /DMATLAB_MEX_FILE /O2 /Oy- /DNDEBUG /fp:strict /utf-8 /I "." /I "E:\æ–‡æ¡£\GitHub\OC4-DeepCwind1" /I ".\interface" /I "D:\Program Files\MATLAB\R2025b\extern\include" /I "." -DMODEL=NominalSystemMatrix_mex /openmp /wd4101  triu.c /Fobuild\win64\triu.obj
triu.c
[26/37] cl /c /Zc:__cplusplus /Zp8 /GR /W3 /EHs /nologo /MD /D_CRT_SECURE_NO_DEPRECATE /D_SCL_SECURE_NO_DEPRECATE /D_SECURE_SCL=0   /DMATLAB_MEX_FILE  /DMATLAB_MEX_FILE /O2 /Oy- /DNDEBUG /fp:strict /utf-8 /I "." /I "E:\æ–‡æ¡£\GitHub\OC4-DeepCwind1" /I ".\interface" /I "D:\Program Files\MATLAB\R2025b\extern\include" /I "." -DMODEL=NominalSystemMatrix_mex /openmp /wd4101  "D:\Program Files\MATLAB\R2025b\extern\version\c_mexapi_version.c" /Fobuild\win64\c_mexapi_version.obj
c_mexapi_version.c
[27/37] cl /c /Zc:__cplusplus /Zp8 /GR /W3 /EHs /nologo /MD /D_CRT_SECURE_NO_DEPRECATE /D_SCL_SECURE_NO_DEPRECATE /D_SECURE_SCL=0   /DMATLAB_MEX_FILE  /DMATLAB_MEX_FILE /O2 /Oy- /DNDEBUG /fp:strict /utf-8 /I "." /I "E:\æ–‡æ¡£\GitHub\OC4-DeepCwind1" /I ".\interface" /I "D:\Program Files\MATLAB\R2025b\extern\include" /I "." -DMODEL=NominalSystemMatrix_mex /openmp /wd4101  eml_int_forloop_overflow_check.c /Fobuild\win64\eml_int_forloop_overflow_check.obj
eml_int_forloop_overflow_check.c
[28/37] cl /c /Zc:__cplusplus /Zp8 /GR /W3 /EHs /nologo /MD /D_CRT_SECURE_NO_DEPRECATE /D_SCL_SECURE_NO_DEPRECATE /D_SECURE_SCL=0   /DMATLAB_MEX_FILE  /DMATLAB_MEX_FILE /O2 /Oy- /DNDEBUG /fp:strict /utf-8 /I "." /I "E:\æ–‡æ¡£\GitHub\OC4-DeepCwind1" /I ".\interface" /I "D:\Program Files\MATLAB\R2025b\extern\include" /I "." -DMODEL=NominalSystemMatrix_mex /openmp /wd4101  assertValidSizeArg.c /Fobuild\win64\assertValidSizeArg.obj
assertValidSizeArg.c
[29/37] cl /c /Zc:__cplusplus /Zp8 /GR /W3 /EHs /nologo /MD /D_CRT_SECURE_NO_DEPRECATE /D_SCL_SECURE_NO_DEPRECATE /D_SECURE_SCL=0   /DMATLAB_MEX_FILE  /DMATLAB_MEX_FILE /O2 /Oy- /DNDEBUG /fp:strict /utf-8 /I "." /I "E:\æ–‡æ¡£\GitHub\OC4-DeepCwind1" /I ".\interface" /I "D:\Program Files\MATLAB\R2025b\extern\include" /I "." -DMODEL=NominalSystemMatrix_mex /openmp /wd4101  interface\_coder_NominalSystemMatrix_info.c /Fobuild\win64\_coder_NominalSystemMatrix_info.obj
_coder_NominalSystemMatrix_info.c
[30/37] cl /c /Zc:__cplusplus /Zp8 /GR /W3 /EHs /nologo /MD /D_CRT_SECURE_NO_DEPRECATE /D_SCL_SECURE_NO_DEPRECATE /D_SECURE_SCL=0   /DMATLAB_MEX_FILE  /DMATLAB_MEX_FILE /O2 /Oy- /DNDEBUG /fp:strict /utf-8 /I "." /I "E:\æ–‡æ¡£\GitHub\OC4-DeepCwind1" /I ".\interface" /I "D:\Program Files\MATLAB\R2025b\extern\include" /I "." -DMODEL=NominalSystemMatrix_mex /openmp /wd4101  cos.c /Fobuild\win64\cos.obj
cos.c
[31/37] cl /c /Zc:__cplusplus /Zp8 /GR /W3 /EHs /nologo /MD /D_CRT_SECURE_NO_DEPRECATE /D_SCL_SECURE_NO_DEPRECATE /D_SECURE_SCL=0   /DMATLAB_MEX_FILE  /DMATLAB_MEX_FILE /O2 /Oy- /DNDEBUG /fp:strict /utf-8 /I "." /I "E:\æ–‡æ¡£\GitHub\OC4-DeepCwind1" /I ".\interface" /I "D:\Program Files\MATLAB\R2025b\extern\include" /I "." -DMODEL=NominalSystemMatrix_mex /openmp /wd4101  CheckInterpPoints.c /Fobuild\win64\CheckInterpPoints.obj
CheckInterpPoints.c
[32/37] cl /c /Zc:__cplusplus /Zp8 /GR /W3 /EHs /nologo /MD /D_CRT_SECURE_NO_DEPRECATE /D_SCL_SECURE_NO_DEPRECATE /D_SECURE_SCL=0   /DMATLAB_MEX_FILE  /DMATLAB_MEX_FILE /O2 /Oy- /DNDEBUG /fp:strict /utf-8 /I "." /I "E:\æ–‡æ¡£\GitHub\OC4-DeepCwind1" /I ".\interface" /I "D:\Program Files\MATLAB\R2025b\extern\include" /I "." -DMODEL=NominalSystemMatrix_mex /openmp /wd4101  NominalSystemMatrix_emxutil.c /Fobuild\win64\NominalSystemMatrix_emxutil.obj
NominalSystemMatrix_emxutil.c
[33/37] cl /c /Zc:__cplusplus /Zp8 /GR /W3 /EHs /nologo /MD /D_CRT_SECURE_NO_DEPRECATE /D_SCL_SECURE_NO_DEPRECATE /D_SECURE_SCL=0   /DMATLAB_MEX_FILE  /DMATLAB_MEX_FILE /O2 /Oy- /DNDEBUG /fp:strict /utf-8 /I "." /I "E:\æ–‡æ¡£\GitHub\OC4-DeepCwind1" /I ".\interface" /I "D:\Program Files\MATLAB\R2025b\extern\include" /I "." -DMODEL=NominalSystemMatrix_mex /openmp /wd4101  eml_mtimes_helper.c /Fobuild\win64\eml_mtimes_helper.obj
eml_mtimes_helper.c
[34/37] cl /c /Zc:__cplusplus /Zp8 /GR /W3 /EHs /nologo /MD /D_CRT_SECURE_NO_DEPRECATE /D_SCL_SECURE_NO_DEPRECATE /D_SECURE_SCL=0   /DMATLAB_MEX_FILE  /DMATLAB_MEX_FILE /O2 /Oy- /DNDEBUG /fp:strict /utf-8 /I "." /I "E:\æ–‡æ¡£\GitHub\OC4-DeepCwind1" /I ".\interface" /I "D:\Program Files\MATLAB\R2025b\extern\include" /I "." -DMODEL=NominalSystemMatrix_mex /openmp /wd4101  interface\_coder_NominalSystemMatrix_api.c /Fobuild\win64\_coder_NominalSystemMatrix_api.obj
_coder_NominalSystemMatrix_api.c
[35/37] cl /c /Zc:__cplusplus /Zp8 /GR /W3 /EHs /nologo /MD /D_CRT_SECURE_NO_DEPRECATE /D_SCL_SECURE_NO_DEPRECATE /D_SECURE_SCL=0   /DMATLAB_MEX_FILE  /DMATLAB_MEX_FILE /O2 /Oy- /DNDEBUG /fp:strict /utf-8 /I "." /I "E:\æ–‡æ¡£\GitHub\OC4-DeepCwind1" /I ".\interface" /I "D:\Program Files\MATLAB\R2025b\extern\include" /I "." -DMODEL=NominalSystemMatrix_mex /openmp /wd4101  NominalSystemMatrix.c /Fobuild\win64\NominalSystemMatrix.obj
NominalSystemMatrix.c
[36/37] cl /c /Zc:__cplusplus /Zp8 /GR /W3 /EHs /nologo /MD /D_CRT_SECURE_NO_DEPRECATE /D_SCL_SECURE_NO_DEPRECATE /D_SECURE_SCL=0   /DMATLAB_MEX_FILE  /DMATLAB_MEX_FILE /O2 /Oy- /DNDEBUG /fp:strict /utf-8 /I "." /I "E:\æ–‡æ¡£\GitHub\OC4-DeepCwind1" /I ".\interface" /I "D:\Program Files\MATLAB\R2025b\extern\include" /I "." -DMODEL=NominalSystemMatrix_mex /openmp /wd4101  Coordinate_systems.c /Fobuild\win64\Coordinate_systems.obj
Coordinate_systems.c
[37/37] link @NominalSystemMatrix_mex.mexw64.rsp  /nologo    /DLL /LIBPATH:"D:\Program Files\MATLAB\R2025b\extern\lib\win64\microsoft" libmx.lib libmex.lib libmat.lib kernel32.lib user32.lib gdi32.lib winspool.lib comdlg32.lib advapi32.lib shell32.lib ole32.lib oleaut32.lib uuid.lib odbc32.lib odbccp32.lib  /out:"NominalSystemMatrix_mex.mexw64" /LIBPATH:"D:\Program Files\MATLAB\R2025b\extern\lib\win64\microsoft" libmwblas.lib libemlrt.lib libcovrt.lib libut.lib libmwmathutil.lib libiomp5md.lib /nodefaultlib:vcomp /LIBPATH:"D:\Program Files\MATLAB\R2025b\bin\win64" /export:mexFunction /export:mexfilerequiredapiversion /export:emlrtMexFcnProperties /export:NominalSystemMatrix /export:NominalSystemMatrix_initialize /export:NominalSystemMatrix_terminate /export:NominalSystemMatrix_atexit /export:emlrt_marshallOut /export:emxReserve_real_T /export:emxCopyStruct_cell_wrap_0 /export:emxCopy_real_T /export:emxEnsureCapacity_real_T /export:emxFreeMatrix_cell_wrap_0 /export:emxFreeStruct_cell_wrap_0 /export:emxFree_real_T /export:emxInitMatrix_cell_wrap_0 /export:emxInitStruct_cell_wrap_0 /export:emxInit_real_T
  ÕýÔÚ´´½¨¿â NominalSystemMatrix_mex.lib ºÍ¶ÔÏó NominalSystemMatrix_mex.exp
